
 -----------------------------------------------
      Restrained ESP Fit 2.3  Amber 4.1
 -----------------------------------------------
 Resp charges for organic molecule                                               
 -----------------------------------------------


 inopt       =     0   ioutopt     =     1
 nmol        =     1   iqopt       =     0
 ihfree      =     1   irstrnt     =     1
 iunits      =     0   qwt         =   0.00050000
 wtmol(1) =     1.000000
 subtitle:

Resp charges for organic molecule                                               
ich =   0  iuniq =  55
    1    6    0
    2    6    0
    3    6    0
    4    6    0
    5    6    0
    6    6    0
    7    6    0
    8    6    0
    9    6    0
   10    6    0
   11    6    0
   12    6    0
   13    6    0
   14    6    0
   15    6    0
   16    6    0
   17    6    0
   18    7    0
   19    6    0
   20    8    0
   21    7    0
   22    7    0
   23    6    0
   24    7    0
   25    6    0
   26    6   15
   27    6   16
   28    6    0
   29    6    0
   30    7    0
   31    1    0
   32    1    0
   33    1    0
   34    1    0
   35    1    0
   36    1    0
   37    1    0
   38    1    0
   39    1    0
   40    1    0
   41    1    0
   42    1    0
   43    1    0
   44    1    0
   45    1    0
   46    1    0
   47    1    0
   48    1    0
   49    1    0
   50    1    0
   51    1    0
   52    1    0
   53    1   46
   54    1   47
   55    1    0

  ----------------------------------------------------------------------------
     ATOM                       COORDINATES                         CHARGE
                       X             Y                Z
  ----------------------------------------------------------------------------
  ----------------------------------------------------------------------------


 Charge on the molecule(ich) =    0
 Total number of atoms (iuniq)     =   55
 Weight factor on initial charge restraints(qwt)=     0.50000D-03


  there are  1 charge constraints:


     1       1
     2       1
     3       1
     4       1
     5       1
     6       1
     7       1
     8       1
     9       1
    10       1
    11       1
    12       1
    13       1
    14       1
    15       1
    16       1
    17       1
    18       1
    19       1
    20       1
    21       1
    22       1
    23       1
    24       1
    25       1
    26       1
    27       1
    28       1
    29       1
    30       1
    31       1
    32       1
    33       1
    34       1
    35       1
    36       1
    37       1
    38       1
    39       1
    40       1
    41       1
    42       1
    43       1
    44       1
    45       1
    46       1
    47       1
    48       1
    49       1
    50       1
    51       1
    52       1
    53       1
    54       1
    55       1

 Reading esp"s for molecule   1
 total number of atoms      =    55
 total number of esp points = 11742


 center     X       Y       Z 
    1   0.6247262E+01   0.1784863E+01  -0.8177544E+00
    2   0.6076180E+01   0.3185383E+01   0.1499345E+01
    3   0.8547818E+01   0.3082162E+00  -0.7246721E+00
    4   0.9728149E+01   0.9058439E+00   0.1494947E+01
    5   0.9170795E+01  -0.1816471E+01  -0.2484207E+01
    6   0.2061984E+01   0.3307204E+01  -0.1857801E+01
    7   0.1778327E+01   0.4647996E+01   0.5785623E+00
    8   0.7021723E+01  -0.3788946E+01  -0.2662834E+01
    9  -0.6294866E-01   0.3222461E+01  -0.3496210E+01
   10   0.6212108E+01  -0.5048679E+01  -0.1654058E+00
   11   0.4701466E+01  -0.3543979E+01   0.1801994E+01
   12   0.6145824E+00  -0.4143914E+01  -0.6101699E+00
   13  -0.1779090E+01  -0.2719070E+00   0.2401350E+01
   14  -0.1835946E+01  -0.2841373E+01  -0.1367162E+01
   15  -0.6662902E+01  -0.3130804E+00  -0.1707840E+01
   16  -0.1001294E+02  -0.1176857E+01   0.2299099E+01
   17   0.4239648E+01   0.1944129E+01  -0.2523149E+01
   18   0.8250470E+01   0.2619820E+01   0.2857494E+01
   19   0.3989969E+01   0.4603987E+01   0.2179882E+01
   20  -0.2895400E+00   0.5599039E+01   0.1225092E+01
   21  -0.1805306E+01   0.2956697E+01  -0.4825017E+01
   22   0.2239868E+01  -0.2384298E+01   0.9141398E+00
   23   0.7738957E+00  -0.1366601E+01   0.3155464E+01
   24  -0.3217396E+01  -0.2126482E+01   0.9086502E+00
   25  -0.5790863E+01  -0.1410527E+01   0.5392995E+00
   26  -0.7484630E+01  -0.1825407E+01   0.2535113E+01
   27  -0.9203453E+01   0.3153386E+00  -0.1963255E+01
   28  -0.1089670E+02  -0.1142812E+00   0.3043593E-01
   29  -0.1351295E+02   0.5199732E+00  -0.2358680E+00
   30  -0.1564379E+02   0.1019570E+01  -0.4446261E+00
   31   0.1146839E+02   0.1817198E+00   0.2284237E+01
   32   0.9539773E+01  -0.1120606E+01  -0.4405603E+01
   33   0.1090796E+02  -0.2760378E+01  -0.1857895E+01
   34   0.7639775E+01  -0.5305891E+01  -0.3932930E+01
   35   0.5380709E+01  -0.2925271E+01  -0.3583006E+01
   36   0.5169574E+01  -0.6784010E+01  -0.6074600E+00
   37   0.7911733E+01  -0.5670093E+01   0.8505713E+00
   38   0.4182774E+01  -0.4815268E+01   0.3349073E+01
   39   0.5797209E+01  -0.1982716E+01   0.2572102E+01
   40   0.2422742E+00  -0.5794132E+01   0.5765138E+00
   41   0.1691033E+01  -0.4710501E+01  -0.2272439E+01
   42  -0.2803887E+01   0.1106491E+00   0.4154946E+01
   43  -0.1577386E+01   0.1551567E+01   0.1433104E+01
   44  -0.1417363E+01  -0.1238644E+01  -0.2620895E+01
   45  -0.2972063E+01  -0.4193595E+01  -0.2441617E+01
   46  -0.5360514E+01   0.1458831E+00  -0.3223249E+01
   47  -0.1132334E+02  -0.1512533E+01   0.3839460E+01
   48   0.4317251E+01   0.1004197E+01  -0.4348586E+01
   49   0.8828569E+01   0.3573961E+01   0.4401225E+01
   50   0.3883047E+01   0.5611403E+01   0.3965038E+01
   51   0.1960923E+01   0.7849733E-01   0.4023293E+01
   52   0.5279384E+00  -0.2972688E+01   0.4433329E+01
   53  -0.6792435E+01  -0.2698978E+01   0.4257751E+01
   54  -0.9875217E+01   0.1180807E+01  -0.3695718E+01
   55   0.2693820E+01  -0.8430937E+00  -0.2214419E+00
 Initial ssvpot =    10.971


 Number of unique UNfrozen centers=   51

 Non-linear optimization requested.
 qchnge =    0.3356969162E-01
 qchnge =    0.3588952766E-02
 qchnge =    0.8237763043E-03
 qchnge =    0.2232994685E-03
 qchnge =    0.6416500278E-04
 qchnge =    0.1884502600E-04
 qchnge =    0.5582564869E-05
 qchnge =    0.1659795340E-05
 qchnge =    0.4943080670E-06

 Convergence in    8 iterations


Resp charges for organic molecule                                               

          Point Charges Before & After Optimization

    no.  At.no.    q(init)       q(opt)     ivary    d(rstr)/dq
    1   6       0.000000       0.023793      0       0.004864
    2   6       0.000000       0.176964      0       0.002460
    3   6       0.000000      -0.051881      0       0.004438
    4   6       0.000000      -0.201180      0       0.002226
    5   6       0.000000      -0.148484      0       0.002793
    6   6       0.000000      -0.218532      0       0.002081
    7   6       0.000000       0.514495      0       0.000954
    8   6       0.000000       0.061691      0       0.004255
    9   6       0.000000       0.366940      0       0.001315
   10   6       0.000000      -0.059161      0       0.004303
   11   6       0.000000       0.043122      0       0.004591
   12   6       0.000000      -0.183068      0       0.002397
   13   6       0.000000       0.158039      0       0.002673
   14   6       0.000000       0.241067      0       0.001916
   15   6       0.000000      -0.146829      0       0.002815
   16   6       0.000000      -0.140998      0       0.002893
   17   6       0.000000      -0.239639      0       0.001926
   18   7       0.000000      -0.336973      0       0.001422
   19   6       0.000000      -0.454550      0       0.001074
   20   8       0.000000      -0.599213      0       0.000823
   21   7       0.000000      -0.467652      0       0.001046
   22   7       0.000000      -0.002114      0       0.004999
   23   6       0.000000      -0.089986      0       0.003717
   24   7       0.000000      -0.605548      0       0.000815
   25   6       0.000000       0.310097      0       0.001535
   26   6       0.000000      -0.146829     15       0.002815
   27   6       0.000000      -0.140998     16       0.002893
   28   6       0.000000      -0.028389      0       0.004810
   29   6       0.000000       0.353754      0       0.001360
   30   7       0.000000      -0.450023      0       0.001085
   31   1       0.000000       0.168013      0       0.000000
   32   1       0.000000       0.071518      0       0.000000
   33   1       0.000000       0.063875      0       0.000000
   34   1       0.000000       0.012427      0       0.000000
   35   1       0.000000      -0.011419      0       0.000000
   36   1       0.000000       0.014600      0       0.000000
   37   1       0.000000       0.057336      0       0.000000
   38   1       0.000000       0.047803      0       0.000000
   39   1       0.000000       0.018072      0       0.000000
   40   1       0.000000       0.127885      0       0.000000
   41   1       0.000000       0.094900      0       0.000000
   42   1       0.000000       0.063933      0       0.000000
   43   1       0.000000       0.078368      0       0.000000
   44   1       0.000000      -0.024702      0       0.000000
   45   1       0.000000       0.064831      0       0.000000
   46   1       0.000000       0.121748      0       0.000000
   47   1       0.000000       0.150340      0       0.000000
   48   1       0.000000       0.151187      0       0.000000
   49   1       0.000000       0.334514      0       0.000000
   50   1       0.000000       0.153885      0       0.000000
   51   1       0.000000       0.053593      0       0.000000
   52   1       0.000000       0.104648      0       0.000000
   53   1       0.000000       0.121748     46       0.000000
   54   1       0.000000       0.150340     47       0.000000
   55   1       0.000000       0.272642      0       0.000000

 Sum over the calculated charges:     -0.000

        Statistics of the fitting:
  The initial sum of squares (ssvpot)                     10.971
  The residual sum of squares (chipot)                     0.022
  The std err of estimate (sqrt(chipot/N))               0.00138
  ESP relative RMS (SQRT(chipot/ssvpot))                 0.04508

 Center of Mass (Angst.):

 X  =   0.00000      Y  =   0.00000      Z  =   0.00000

 Dipole (Debye):

 X  =  11.47053      Y  = -11.44127      Z  =   4.65458

 Dipole Moment (Debye)=  16.85648

 Quadrupole (Debye*Angst.):

 Qxx = -80.00138     QYY =  14.18002     QZZ =  65.82136
 Qxy =  37.23947     QXZ =  29.00920     QYZ =  37.76720
