OMP: Warning #181: OMP_STACKSIZE: ignored because KMP_STACKSIZE has been defined
--------------------------------------------------------------------------------
JobId          : localhost-0-67d83f16
Name           : 2uwd-2GG
Program        : LigPrep
Host           : localhost.localdomain
Dir            : /home/databank_70t/zzy/project/koff/smd/hsp90/33sys/pdb/ligand/epik-schrodinger2021
HostEntry      : localhost
JobHost        : localhost.localdomain
JobDir         : /home/dddc/software/Schrodinger_Suites_2021-2/tmp/dddc/2uwd-2GG
JobSchrodinger : /home/dddc/software/Schrodinger_Suites_2021-2
Commandline    : /home/dddc/software/Schrodinger_Suites_2021-2/ligprep -R e -epik -ph 7.4 -pht 0.0 -isd ../wget-ligand-expo/2GG_model.sdf -osd 2uwd-2GG.sdf
StartTime      : 2025-03-17-23:26:14
--------------------------------------------------------------------------------
LigPrep (version 58117). Copyright Schrodinger, LLC. All rights reserved.

LigPrep command:
$SCHRODINGER/ligprep -R e -epik -ph 7.4 -pht 0.0 -isd ../wget-ligand-expo/2GG_model.sdf -osd 2uwd-2GG.sdf

Processing steps:
$DO.sdconvert_in -bad -orig_file_index 0 -orig_file ../wget-ligand-expo/2GG_model.sdf 2GG_model.sdf
$DO.sdstereoexpander -add_hydrogens -max_output 32 -max_generated 1024 <infile.mae> <outfile.mae>
$DO.epik.py -pht 0.0 -ph 7.4 -nt -ma 200 -imae <infile.mae> -omae <outfile.mae>

DO=$SCHRODINGER/run python3 -m schrodinger.application.macromodel.packages.ligprep3

# counts of output and dropped structures after processing steps
# index  sdstex   epik   title
       1   1/0     1/0   '2GG'

# of processed structures in "2uwd-2GG.sdf" : 1
# of dropped structures in "2uwd-2GG-dropped.sdf" : 0

backend run time: 0 hours 0 minutes 1.637 seconds
